Arguments: 
  /Users/eric/.nvm/versions/node/v6.10.0/bin/node /Users/eric/.nvm/versions/node/v6.10.0/bin/yarn install

PATH: 
  /Users/eric/.nvm/versions/node/v6.10.0/bin:/Users/eric/.rvm/gems/ruby-2.2.3@rails4qdw/bin:/Users/eric/.rvm/gems/ruby-2.2.3@global/bin:/Users/eric/.rvm/rubies/ruby-2.2.3/bin:/usr/local/heroku/bin:/opt/PostgreSQL/9.3/bin:/Users/eric/bin:/usr/local/bin:/Library/PostgreSQL/9.4/bin:/usr/bin:/bin:/usr/sbin:/sbin:/Users/eric/.rvm/bin:/Users/eric/.rvm/bin:/Users/eric/.rvm/bin

Yarn version: 
  0.21.3

Node version: 
  6.10.0

Platform: 
  darwin x64

npm manifest: 
  {
    "name": "aurelia-bootstrapper-webpack",
    "version": "1.1.0",
    "description": "Sets up the default configuration for the aurelia framework and gets you up and running quick and easy.",
    "keywords": [
      "aurelia",
      "bootstrapper",
      "spa",
      "webpack"
    ],
    "homepage": "http://aurelia.io",
    "bugs": {
      "url": "https://github.com/aurelia/bootstrapper-webpack/issues"
    },
    "license": "MIT",
    "author": "Rob Eisenberg <rob@bluespire.com> (http://robeisenberg.com/)",
    "main": "dist/commonjs/aurelia-bootstrapper-webpack.js",
    "typings": "dist/aurelia-bootstrapper-webpack.d.ts",
    "repository": {
      "type": "git",
      "url": "http://github.com/aurelia/bootstrapper-webpack"
    },
    "dependencies": {
      "aurelia-loader-webpack": "^1.0.0",
      "aurelia-pal": "^1.1.1",
      "aurelia-pal-browser": "^1.1.0",
      "aurelia-polyfills": "^1.0.0"
    },
    "devDependencies": {
      "aurelia-tools": "^0.2.4",
      "babel-dts-generator": "^0.6.1",
      "babel-eslint": "^6.1.2",
      "babel-plugin-syntax-flow": "^6.8.0",
      "babel-plugin-transform-decorators-legacy": "^1.3.4",
      "babel-plugin-transform-es2015-modules-amd": "^6.8.0",
      "babel-plugin-transform-es2015-modules-commonjs": "^6.11.5",
      "babel-plugin-transform-es2015-modules-systemjs": "^6.11.6",
      "babel-plugin-transform-flow-strip-types": "^6.8.0",
      "babel-preset-es2015": "^6.9.0",
      "babel-preset-es2015-loose": "^7.0.0",
      "babel-preset-es2015-loose-native-modules": "^1.0.0",
      "babel-preset-stage-1": "^6.5.0",
      "del": "^2.2.1",
      "gulp": "^3.9.1",
      "gulp-babel": "^6.1.2",
      "gulp-bump": "^2.2.0",
      "gulp-concat": "^2.6.0",
      "gulp-conventional-changelog": "^1.1.0",
      "gulp-eslint": "^3.0.1",
      "gulp-ignore": "^2.0.1",
      "gulp-insert": "^0.5.0",
      "gulp-rename": "^1.2.2",
      "gulp-typedoc": "^2.0.0",
      "gulp-typedoc-extractor": "^0.0.8",
      "gulp-typescript": "^2.13.6",
      "gulp-util": "^3.0.7",
      "merge2": "^1.0.2",
      "object.assign": "^4.0.4",
      "require-dir": "^0.3.0",
      "run-sequence": "^1.2.2",
      "through2": "^2.0.1",
      "typedoc": "^0.4.4",
      "typescript": "^1.9.0-dev.20160622-1.0",
      "vinyl": "^1.1.1",
      "vinyl-paths": "^2.1.0",
      "yargs": "^4.8.1"
    },
    "aurelia": {
      "documentation": {
        "articles": []
      },
      "build": {
        "resources": [
          "aurelia-framework",
          "aurelia-logging-console",
          "aurelia-templating-binding",
          "aurelia-templating-resources",
          "aurelia-templating-router",
          "aurelia-history-browser",
          "aurelia-event-aggregator"
        ]
      }
    }
  }

yarn manifest: 
  No manifest

Lockfile: 
  No lockfile

Trace: 
  Error: https://registry.yarnpkg.com/acorn/-/acorn-4.0.4.tgz: Request failed "502 Bad Gateway"
      at Request.handleRequestError (/Users/eric/.nvm/versions/node/v6.10.0/lib/node_modules/yarn/lib/fetchers/tarball-fetcher.js:231:20)
      at emitOne (events.js:96:13)
      at Request.emit (events.js:188:7)
      at Request.onRequestResponse (/Users/eric/.nvm/versions/node/v6.10.0/lib/node_modules/yarn/node_modules/request/request.js:1029:10)
      at emitOne (events.js:96:13)
      at ClientRequest.emit (events.js:188:7)
      at HTTPParser.parserOnIncomingClient (_http_client.js:474:21)
      at HTTPParser.parserOnHeadersComplete (_http_common.js:99:23)
      at TLSSocket.socketOnData (_http_client.js:363:20)
      at emitOne (events.js:96:13)
      at TLSSocket.emit (events.js:188:7)
